<?xml version="1.0" encoding="UTF-8"?>
<!-- Generated by org.testng.reporters.JUnitXMLReporter -->
<testsuite hostname="LAPTOP-MIL7REQD" ignored="0" name="Default test" tests="3" failures="0" timestamp="2020-07-09T05:43:52 EDT" time="10.317" errors="0">
  <testcase name="test_patch_03" time="9.353" classname="RestAssuredPracticeOne.PostTestOne"/>
  <testcase name="test_post_01" time="0.449" classname="RestAssuredPracticeOne.PostTestOne"/>
  <testcase name="test_put_02" time="0.407" classname="RestAssuredPracticeOne.PostTestOne"/>
</testsuite> <!-- Default test -->
