<?xml version="1.0" encoding="UTF-8"?>
<testng-results skipped="0" failed="0" ignored="0" total="1" passed="1">
  <reporter-output>
  </reporter-output>
  <suite name="Default suite" duration-ms="810" started-at="2020-07-10T02:41:07 EDT" finished-at="2020-07-10T02:41:08 EDT">
    <groups>
    </groups>
    <test name="Default test" duration-ms="810" started-at="2020-07-10T02:41:07 EDT" finished-at="2020-07-10T02:41:08 EDT">
      <class name="utils.ExcelUtilsTest">
        <test-method status="PASS" signature="excelUtilityTest()[pri:0, instance:utils.ExcelUtilsTest@7d0587f1]" name="excelUtilityTest" duration-ms="771" started-at="2020-07-10T02:41:07 EDT" finished-at="2020-07-10T02:41:08 EDT">
          <reporter-output>
          </reporter-output>
        </test-method> <!-- excelUtilityTest -->
      </class> <!-- utils.ExcelUtilsTest -->
    </test> <!-- Default test -->
  </suite> <!-- Default suite -->
</testng-results>
